2024-12-07 17:37:57,224	[INFO]	(client.py:162)_bot_login	[botpy] 登录机器人账号中...
2024-12-07 17:37:57,586	[INFO]	(robot.py:65)update_access_token	[botpy] access_token expires_in 2409
2024-12-07 17:37:58,737	[INFO]	(client.py:181)_bot_init	[botpy] 程序启动...
2024-12-07 17:37:58,738	[INFO]	(connection.py:60)multi_run	[botpy] 最大并发连接数: 1, 启动会话数: 1
2024-12-07 17:37:58,738	[INFO]	(client.py:242)bot_connect	[botpy] 会话启动中...
2024-12-07 17:37:58,739	[INFO]	(gateway.py:115)ws_connect	[botpy] 启动中...
2024-12-07 17:37:58,920	[INFO]	(gateway.py:142)ws_identify	[botpy] 鉴权中...
2024-12-07 17:37:59,011	[INFO]	(gateway.py:85)on_message	[botpy] 机器人「小板凳智能助手-测试中」启动成功！
2024-12-07 17:37:59,012	[INFO]	(gateway.py:223)_send_heart	[botpy] 心跳维持启动...
2024-12-07 17:38:05,571	[INFO]	(client.py:162)_bot_login	[botpy] 登录机器人账号中...
2024-12-07 17:38:06,037	[INFO]	(robot.py:65)update_access_token	[botpy] access_token expires_in 2400
2024-12-07 17:38:06,635	[INFO]	(client.py:181)_bot_init	[botpy] 程序启动...
2024-12-07 17:38:06,636	[INFO]	(connection.py:60)multi_run	[botpy] 最大并发连接数: 1, 启动会话数: 1
2024-12-07 17:38:06,637	[INFO]	(client.py:242)bot_connect	[botpy] 会话启动中...
2024-12-07 17:38:06,638	[INFO]	(gateway.py:115)ws_connect	[botpy] 启动中...
2024-12-07 17:38:06,794	[INFO]	(gateway.py:142)ws_identify	[botpy] 鉴权中...
2024-12-07 17:38:06,940	[INFO]	(gateway.py:85)on_message	[botpy] 机器人「小板凳智能助手-测试中」启动成功！
2024-12-07 17:38:06,941	[INFO]	(gateway.py:223)_send_heart	[botpy] 心跳维持启动...
2024-12-07 17:39:48,800	[INFO]	(client.py:162)_bot_login	[botpy] 登录机器人账号中...
2024-12-07 17:39:48,964	[INFO]	(robot.py:65)update_access_token	[botpy] access_token expires_in 2298
2024-12-07 17:39:51,156	[INFO]	(client.py:181)_bot_init	[botpy] 程序启动...
2024-12-07 17:39:51,157	[INFO]	(connection.py:60)multi_run	[botpy] 最大并发连接数: 1, 启动会话数: 1
2024-12-07 17:39:51,158	[INFO]	(client.py:242)bot_connect	[botpy] 会话启动中...
2024-12-07 17:39:51,159	[INFO]	(gateway.py:115)ws_connect	[botpy] 启动中...
2024-12-07 17:39:52,007	[INFO]	(gateway.py:142)ws_identify	[botpy] 鉴权中...
2024-12-07 17:39:52,163	[INFO]	(gateway.py:85)on_message	[botpy] 机器人「小板凳智能助手-测试中」启动成功！
2024-12-07 17:39:52,163	[INFO]	(gateway.py:223)_send_heart	[botpy] 心跳维持启动...
2024-12-07 17:51:05,244	[INFO]	(client.py:162)_bot_login	[botpy] 登录机器人账号中...
2024-12-07 17:51:05,452	[INFO]	(robot.py:65)update_access_token	[botpy] access_token expires_in 1621
2024-12-07 17:51:05,930	[INFO]	(client.py:181)_bot_init	[botpy] 程序启动...
2024-12-07 17:51:05,931	[INFO]	(connection.py:60)multi_run	[botpy] 最大并发连接数: 1, 启动会话数: 1
2024-12-07 17:51:05,931	[INFO]	(client.py:242)bot_connect	[botpy] 会话启动中...
2024-12-07 17:51:05,932	[INFO]	(gateway.py:115)ws_connect	[botpy] 启动中...
2024-12-07 17:51:06,045	[INFO]	(gateway.py:142)ws_identify	[botpy] 鉴权中...
2024-12-07 17:51:06,150	[INFO]	(gateway.py:85)on_message	[botpy] 机器人「小板凳智能助手-测试中」启动成功！
2024-12-07 17:51:06,151	[INFO]	(gateway.py:223)_send_heart	[botpy] 心跳维持启动...
2024-12-07 18:08:36,000	[INFO]	(client.py:162)_bot_login	[botpy] 登录机器人账号中...
2024-12-07 18:08:36,188	[INFO]	(robot.py:65)update_access_token	[botpy] access_token expires_in 570
2024-12-07 18:08:36,578	[INFO]	(client.py:181)_bot_init	[botpy] 程序启动...
2024-12-07 18:08:36,579	[INFO]	(connection.py:60)multi_run	[botpy] 最大并发连接数: 1, 启动会话数: 1
2024-12-07 18:08:36,580	[INFO]	(client.py:242)bot_connect	[botpy] 会话启动中...
2024-12-07 18:08:36,581	[INFO]	(gateway.py:115)ws_connect	[botpy] 启动中...
2024-12-07 18:08:36,692	[INFO]	(gateway.py:142)ws_identify	[botpy] 鉴权中...
2024-12-07 18:08:36,782	[INFO]	(gateway.py:85)on_message	[botpy] 机器人「小板凳智能助手-测试中」启动成功！
2024-12-07 18:08:36,783	[INFO]	(gateway.py:223)_send_heart	[botpy] 心跳维持启动...
2024-12-07 18:12:05,481	[INFO]	(client.py:162)_bot_login	[botpy] 登录机器人账号中...
2024-12-07 18:12:05,617	[INFO]	(robot.py:65)update_access_token	[botpy] access_token expires_in 361
2024-12-07 18:12:06,103	[INFO]	(client.py:181)_bot_init	[botpy] 程序启动...
2024-12-07 18:12:06,104	[INFO]	(connection.py:60)multi_run	[botpy] 最大并发连接数: 1, 启动会话数: 1
2024-12-07 18:12:06,104	[INFO]	(client.py:242)bot_connect	[botpy] 会话启动中...
2024-12-07 18:12:06,105	[INFO]	(gateway.py:115)ws_connect	[botpy] 启动中...
2024-12-07 18:12:06,450	[INFO]	(gateway.py:142)ws_identify	[botpy] 鉴权中...
2024-12-07 18:12:06,565	[INFO]	(gateway.py:85)on_message	[botpy] 机器人「小板凳智能助手-测试中」启动成功！
2024-12-07 18:12:06,566	[INFO]	(gateway.py:223)_send_heart	[botpy] 心跳维持启动...
2024-12-07 18:36:15,933	[INFO]	(client.py:162)_bot_login	[botpy] 登录机器人账号中...
2024-12-07 18:36:16,181	[INFO]	(robot.py:65)update_access_token	[botpy] access_token expires_in 7200
2024-12-07 18:36:16,572	[INFO]	(client.py:181)_bot_init	[botpy] 程序启动...
2024-12-07 18:36:16,573	[INFO]	(connection.py:60)multi_run	[botpy] 最大并发连接数: 1, 启动会话数: 1
2024-12-07 18:36:16,574	[INFO]	(client.py:242)bot_connect	[botpy] 会话启动中...
2024-12-07 18:36:16,575	[INFO]	(gateway.py:115)ws_connect	[botpy] 启动中...
2024-12-07 18:36:16,704	[INFO]	(gateway.py:142)ws_identify	[botpy] 鉴权中...
2024-12-07 18:36:16,806	[INFO]	(gateway.py:85)on_message	[botpy] 机器人「小板凳智能助手-测试中」启动成功！
2024-12-07 18:36:16,807	[INFO]	(gateway.py:223)_send_heart	[botpy] 心跳维持启动...
2024-12-07 19:06:16,694	[INFO]	(gateway.py:56)on_closed	[botpy] 关闭, 返回码: 4009, 返回信息: Session timed out
2024-12-07 19:06:16,695	[INFO]	(gateway.py:134)ws_connect	[botpy] ws关闭, 停止接收消息!
2024-12-07 19:06:21,708	[INFO]	(connection.py:60)multi_run	[botpy] 最大并发连接数: 1, 启动会话数: 1
2024-12-07 19:06:21,709	[INFO]	(client.py:242)bot_connect	[botpy] 会话启动中...
2024-12-07 19:06:21,709	[INFO]	(gateway.py:115)ws_connect	[botpy] 启动中...
2024-12-07 19:06:22,031	[INFO]	(gateway.py:175)ws_resume	[botpy] 重连启动...
2024-12-07 19:06:22,096	[INFO]	(gateway.py:90)on_message	[botpy] 机器人重连成功! 
2024-12-07 19:06:22,096	[INFO]	(gateway.py:223)_send_heart	[botpy] 心跳维持启动...
2024-12-07 19:23:21,655	[ERROR]	(http.py:76)_handle_response	[botpy] 接口请求异常，请求连接: https://api.sgroup.qq.com/v2/groups/7C54D45EDDE030719971497006C0CA03/messages, 错误代码: 400, 返回内容: {'message': '消息发送失败，消息内容被拦截', 'code': 40054017, 'err_code': 40054017, 'trace_id': '27281d4f15e66190b5d0bddf39e5cd7c'}, trace_id:27281d4f15e66190b5d0bddf39e5cd7c
2024-12-07 19:24:07,509	[ERROR]	(http.py:76)_handle_response	[botpy] 接口请求异常，请求连接: https://api.sgroup.qq.com/v2/groups/7C54D45EDDE030719971497006C0CA03/messages, 错误代码: 400, 返回内容: {'message': '消息发送失败，消息内容被拦截', 'code': 40054017, 'err_code': 40054017, 'trace_id': '6d3cfc72a077c6847c0f7653f1ad940f'}, trace_id:6d3cfc72a077c6847c0f7653f1ad940f
2024-12-07 19:28:36,169	[WARNING]	(http.py:192)request	请求超时，请求连接: https://api.sgroup.qq.com/v2/groups/7C54D45EDDE030719971497006C0CA03/messages
2024-12-07 19:28:48,512	[ERROR]	(http.py:76)_handle_response	[botpy] 接口请求异常，请求连接: https://api.sgroup.qq.com/v2/groups/7C54D45EDDE030719971497006C0CA03/messages, 错误代码: 400, 返回内容: {'message': '消息内容违规', 'code': 40034006, 'err_code': 40034006, 'trace_id': 'cb311ddf31bb0ba120e9f9cc6900f6b1'}, trace_id:cb311ddf31bb0ba120e9f9cc6900f6b1
2024-12-07 19:32:47,927	[WARNING]	(http.py:192)request	请求超时，请求连接: https://api.sgroup.qq.com/v2/groups/7C54D45EDDE030719971497006C0CA03/messages
2024-12-07 19:34:33,157	[INFO]	(client.py:162)_bot_login	[botpy] 登录机器人账号中...
2024-12-07 19:34:33,361	[INFO]	(robot.py:65)update_access_token	[botpy] access_token expires_in 3703
2024-12-07 19:34:33,738	[INFO]	(client.py:181)_bot_init	[botpy] 程序启动...
2024-12-07 19:34:33,739	[INFO]	(connection.py:60)multi_run	[botpy] 最大并发连接数: 1, 启动会话数: 1
2024-12-07 19:34:33,740	[INFO]	(client.py:242)bot_connect	[botpy] 会话启动中...
2024-12-07 19:34:33,741	[INFO]	(gateway.py:115)ws_connect	[botpy] 启动中...
2024-12-07 19:34:33,872	[INFO]	(gateway.py:142)ws_identify	[botpy] 鉴权中...
2024-12-07 19:34:33,998	[INFO]	(gateway.py:85)on_message	[botpy] 机器人「小板凳智能助手-测试中」启动成功！
2024-12-07 19:34:33,999	[INFO]	(gateway.py:223)_send_heart	[botpy] 心跳维持启动...
2024-12-07 19:35:34,742	[WARNING]	(http.py:192)request	请求超时，请求连接: https://api.sgroup.qq.com/v2/groups/7C54D45EDDE030719971497006C0CA03/messages
2024-12-07 19:37:11,369	[INFO]	(client.py:162)_bot_login	[botpy] 登录机器人账号中...
2024-12-07 19:37:11,580	[INFO]	(robot.py:65)update_access_token	[botpy] access_token expires_in 3545
2024-12-07 19:37:12,032	[INFO]	(client.py:181)_bot_init	[botpy] 程序启动...
2024-12-07 19:37:12,032	[INFO]	(connection.py:60)multi_run	[botpy] 最大并发连接数: 1, 启动会话数: 1
2024-12-07 19:37:12,033	[INFO]	(client.py:242)bot_connect	[botpy] 会话启动中...
2024-12-07 19:37:12,033	[INFO]	(gateway.py:115)ws_connect	[botpy] 启动中...
2024-12-07 19:37:12,157	[INFO]	(gateway.py:142)ws_identify	[botpy] 鉴权中...
2024-12-07 19:37:12,254	[INFO]	(gateway.py:85)on_message	[botpy] 机器人「小板凳智能助手-测试中」启动成功！
2024-12-07 19:37:12,255	[INFO]	(gateway.py:223)_send_heart	[botpy] 心跳维持启动...
2024-12-07 19:38:56,085	[INFO]	(client.py:162)_bot_login	[botpy] 登录机器人账号中...
2024-12-07 19:38:56,251	[INFO]	(robot.py:65)update_access_token	[botpy] access_token expires_in 3440
2024-12-07 19:38:56,651	[INFO]	(client.py:181)_bot_init	[botpy] 程序启动...
2024-12-07 19:38:56,652	[INFO]	(connection.py:60)multi_run	[botpy] 最大并发连接数: 1, 启动会话数: 1
2024-12-07 19:38:56,653	[INFO]	(client.py:242)bot_connect	[botpy] 会话启动中...
2024-12-07 19:38:56,654	[INFO]	(gateway.py:115)ws_connect	[botpy] 启动中...
2024-12-07 19:38:56,810	[INFO]	(gateway.py:142)ws_identify	[botpy] 鉴权中...
2024-12-07 19:38:56,921	[INFO]	(gateway.py:85)on_message	[botpy] 机器人「小板凳智能助手-测试中」启动成功！
2024-12-07 19:38:56,947	[INFO]	(gateway.py:223)_send_heart	[botpy] 心跳维持启动...
2024-12-07 19:41:01,022	[INFO]	(client.py:162)_bot_login	[botpy] 登录机器人账号中...
2024-12-07 19:41:01,376	[INFO]	(robot.py:65)update_access_token	[botpy] access_token expires_in 3315
2024-12-07 19:41:03,293	[INFO]	(client.py:181)_bot_init	[botpy] 程序启动...
2024-12-07 19:41:03,294	[INFO]	(connection.py:60)multi_run	[botpy] 最大并发连接数: 1, 启动会话数: 1
2024-12-07 19:41:03,294	[INFO]	(client.py:242)bot_connect	[botpy] 会话启动中...
2024-12-07 19:41:03,295	[INFO]	(gateway.py:115)ws_connect	[botpy] 启动中...
2024-12-07 19:41:03,537	[INFO]	(gateway.py:142)ws_identify	[botpy] 鉴权中...
2024-12-07 19:41:03,610	[INFO]	(gateway.py:85)on_message	[botpy] 机器人「小板凳智能助手-测试中」启动成功！
2024-12-07 19:41:03,611	[INFO]	(gateway.py:223)_send_heart	[botpy] 心跳维持启动...
2024-12-07 19:41:34,492	[INFO]	(client.py:162)_bot_login	[botpy] 登录机器人账号中...
2024-12-07 19:41:35,680	[INFO]	(robot.py:65)update_access_token	[botpy] access_token expires_in 3280
2024-12-07 19:41:37,870	[INFO]	(client.py:181)_bot_init	[botpy] 程序启动...
2024-12-07 19:41:37,872	[INFO]	(connection.py:60)multi_run	[botpy] 最大并发连接数: 1, 启动会话数: 1
2024-12-07 19:41:37,874	[INFO]	(client.py:242)bot_connect	[botpy] 会话启动中...
2024-12-07 19:41:37,876	[INFO]	(gateway.py:115)ws_connect	[botpy] 启动中...
2024-12-07 19:41:38,280	[INFO]	(gateway.py:142)ws_identify	[botpy] 鉴权中...
2024-12-07 19:41:38,354	[INFO]	(gateway.py:85)on_message	[botpy] 机器人「小板凳智能助手-测试中」启动成功！
2024-12-07 19:41:38,355	[INFO]	(gateway.py:223)_send_heart	[botpy] 心跳维持启动...
2024-12-07 19:42:08,631	[INFO]	(client.py:162)_bot_login	[botpy] 登录机器人账号中...
2024-12-07 19:42:08,857	[INFO]	(robot.py:65)update_access_token	[botpy] access_token expires_in 3247
2024-12-07 19:42:09,414	[INFO]	(client.py:181)_bot_init	[botpy] 程序启动...
2024-12-07 19:42:09,415	[INFO]	(connection.py:60)multi_run	[botpy] 最大并发连接数: 1, 启动会话数: 1
2024-12-07 19:42:09,415	[INFO]	(client.py:242)bot_connect	[botpy] 会话启动中...
2024-12-07 19:42:09,416	[INFO]	(gateway.py:115)ws_connect	[botpy] 启动中...
2024-12-07 19:42:09,560	[INFO]	(gateway.py:142)ws_identify	[botpy] 鉴权中...
2024-12-07 19:42:09,672	[INFO]	(gateway.py:85)on_message	[botpy] 机器人「小板凳智能助手-测试中」启动成功！
2024-12-07 19:42:09,673	[INFO]	(gateway.py:223)_send_heart	[botpy] 心跳维持启动...
2024-12-07 19:42:59,129	[INFO]	(client.py:162)_bot_login	[botpy] 登录机器人账号中...
2024-12-07 19:42:59,286	[INFO]	(robot.py:65)update_access_token	[botpy] access_token expires_in 3197
2024-12-07 19:42:59,731	[INFO]	(client.py:181)_bot_init	[botpy] 程序启动...
2024-12-07 19:42:59,732	[INFO]	(connection.py:60)multi_run	[botpy] 最大并发连接数: 1, 启动会话数: 1
2024-12-07 19:42:59,734	[INFO]	(client.py:242)bot_connect	[botpy] 会话启动中...
2024-12-07 19:42:59,734	[INFO]	(gateway.py:115)ws_connect	[botpy] 启动中...
2024-12-07 19:42:59,908	[INFO]	(gateway.py:142)ws_identify	[botpy] 鉴权中...
2024-12-07 19:43:00,000	[INFO]	(gateway.py:85)on_message	[botpy] 机器人「小板凳智能助手-测试中」启动成功！
2024-12-07 19:43:00,001	[INFO]	(gateway.py:223)_send_heart	[botpy] 心跳维持启动...
2024-12-07 19:43:14,460	[INFO]	(client.py:162)_bot_login	[botpy] 登录机器人账号中...
2024-12-07 19:43:14,565	[INFO]	(robot.py:65)update_access_token	[botpy] access_token expires_in 3182
2024-12-07 19:43:15,062	[INFO]	(client.py:181)_bot_init	[botpy] 程序启动...
2024-12-07 19:43:15,062	[INFO]	(connection.py:60)multi_run	[botpy] 最大并发连接数: 1, 启动会话数: 1
2024-12-07 19:43:15,064	[INFO]	(client.py:242)bot_connect	[botpy] 会话启动中...
2024-12-07 19:43:15,065	[INFO]	(gateway.py:115)ws_connect	[botpy] 启动中...
2024-12-07 19:43:15,345	[INFO]	(gateway.py:142)ws_identify	[botpy] 鉴权中...
2024-12-07 19:43:15,451	[INFO]	(gateway.py:85)on_message	[botpy] 机器人「小板凳智能助手-测试中」启动成功！
2024-12-07 19:43:15,452	[INFO]	(gateway.py:223)_send_heart	[botpy] 心跳维持启动...
2024-12-07 19:43:15,985	[ERROR]	(http.py:76)_handle_response	[botpy] 接口请求异常，请求连接: https://api.sgroup.qq.com/v2/groups/7C54D45EDDE030719971497006C0CA03/messages, 错误代码: 400, 返回内容: {'message': '消息被去重，请检查请求msgseq', 'code': 40054005, 'err_code': 40054005, 'trace_id': 'bc910ac69c9e4968558909663493a2d9'}, trace_id:bc910ac69c9e4968558909663493a2d9
2024-12-07 19:44:02,797	[INFO]	(client.py:162)_bot_login	[botpy] 登录机器人账号中...
2024-12-07 19:44:02,921	[INFO]	(robot.py:65)update_access_token	[botpy] access_token expires_in 3133
2024-12-07 19:44:03,368	[INFO]	(client.py:181)_bot_init	[botpy] 程序启动...
2024-12-07 19:44:03,369	[INFO]	(connection.py:60)multi_run	[botpy] 最大并发连接数: 1, 启动会话数: 1
2024-12-07 19:44:03,370	[INFO]	(client.py:242)bot_connect	[botpy] 会话启动中...
2024-12-07 19:44:03,371	[INFO]	(gateway.py:115)ws_connect	[botpy] 启动中...
2024-12-07 19:44:03,492	[INFO]	(gateway.py:142)ws_identify	[botpy] 鉴权中...
2024-12-07 19:44:03,577	[INFO]	(gateway.py:85)on_message	[botpy] 机器人「小板凳智能助手-测试中」启动成功！
2024-12-07 19:44:03,578	[INFO]	(gateway.py:223)_send_heart	[botpy] 心跳维持启动...
2024-12-07 19:45:58,206	[INFO]	(client.py:162)_bot_login	[botpy] 登录机器人账号中...
2024-12-07 19:45:58,424	[INFO]	(robot.py:65)update_access_token	[botpy] access_token expires_in 3018
2024-12-07 19:45:59,037	[INFO]	(client.py:181)_bot_init	[botpy] 程序启动...
2024-12-07 19:45:59,038	[INFO]	(connection.py:60)multi_run	[botpy] 最大并发连接数: 1, 启动会话数: 1
2024-12-07 19:45:59,039	[INFO]	(client.py:242)bot_connect	[botpy] 会话启动中...
2024-12-07 19:45:59,040	[INFO]	(gateway.py:115)ws_connect	[botpy] 启动中...
2024-12-07 19:45:59,293	[INFO]	(gateway.py:142)ws_identify	[botpy] 鉴权中...
2024-12-07 19:45:59,402	[INFO]	(gateway.py:85)on_message	[botpy] 机器人「小板凳智能助手-测试中」启动成功！
2024-12-07 19:45:59,403	[INFO]	(gateway.py:223)_send_heart	[botpy] 心跳维持启动...
2024-12-07 19:47:53,068	[INFO]	(client.py:162)_bot_login	[botpy] 登录机器人账号中...
2024-12-07 19:47:53,206	[INFO]	(robot.py:65)update_access_token	[botpy] access_token expires_in 2903
2024-12-07 19:47:53,620	[INFO]	(client.py:181)_bot_init	[botpy] 程序启动...
2024-12-07 19:47:53,622	[INFO]	(connection.py:60)multi_run	[botpy] 最大并发连接数: 1, 启动会话数: 1
2024-12-07 19:47:53,624	[INFO]	(client.py:242)bot_connect	[botpy] 会话启动中...
2024-12-07 19:47:53,625	[INFO]	(gateway.py:115)ws_connect	[botpy] 启动中...
2024-12-07 19:47:53,739	[INFO]	(gateway.py:142)ws_identify	[botpy] 鉴权中...
2024-12-07 19:47:53,817	[INFO]	(gateway.py:85)on_message	[botpy] 机器人「小板凳智能助手-测试中」启动成功！
2024-12-07 19:47:53,818	[INFO]	(gateway.py:223)_send_heart	[botpy] 心跳维持启动...
2024-12-07 19:50:44,687	[INFO]	(client.py:162)_bot_login	[botpy] 登录机器人账号中...
2024-12-07 19:50:44,848	[INFO]	(robot.py:65)update_access_token	[botpy] access_token expires_in 2731
2024-12-07 19:50:45,322	[INFO]	(client.py:181)_bot_init	[botpy] 程序启动...
2024-12-07 19:50:45,322	[INFO]	(connection.py:60)multi_run	[botpy] 最大并发连接数: 1, 启动会话数: 1
2024-12-07 19:50:45,323	[INFO]	(client.py:242)bot_connect	[botpy] 会话启动中...
2024-12-07 19:50:45,323	[INFO]	(gateway.py:115)ws_connect	[botpy] 启动中...
2024-12-07 19:50:45,437	[INFO]	(gateway.py:142)ws_identify	[botpy] 鉴权中...
2024-12-07 19:50:45,508	[INFO]	(gateway.py:85)on_message	[botpy] 机器人「小板凳智能助手-测试中」启动成功！
2024-12-07 19:50:45,509	[INFO]	(gateway.py:223)_send_heart	[botpy] 心跳维持启动...
2024-12-07 19:54:55,340	[INFO]	(client.py:162)_bot_login	[botpy] 登录机器人账号中...
2024-12-07 19:54:55,496	[INFO]	(robot.py:65)update_access_token	[botpy] access_token expires_in 2481
2024-12-07 19:54:55,874	[INFO]	(client.py:181)_bot_init	[botpy] 程序启动...
2024-12-07 19:54:55,875	[INFO]	(connection.py:60)multi_run	[botpy] 最大并发连接数: 1, 启动会话数: 1
2024-12-07 19:54:55,876	[INFO]	(client.py:242)bot_connect	[botpy] 会话启动中...
2024-12-07 19:54:55,877	[INFO]	(gateway.py:115)ws_connect	[botpy] 启动中...
2024-12-07 19:54:55,997	[INFO]	(gateway.py:142)ws_identify	[botpy] 鉴权中...
2024-12-07 19:54:56,136	[INFO]	(gateway.py:85)on_message	[botpy] 机器人「小板凳智能助手-测试中」启动成功！
2024-12-07 19:54:56,137	[INFO]	(gateway.py:223)_send_heart	[botpy] 心跳维持启动...
2024-12-07 19:56:20,660	[INFO]	(client.py:162)_bot_login	[botpy] 登录机器人账号中...
2024-12-07 19:56:20,805	[INFO]	(robot.py:65)update_access_token	[botpy] access_token expires_in 2395
2024-12-07 19:56:21,329	[INFO]	(client.py:181)_bot_init	[botpy] 程序启动...
2024-12-07 19:56:21,330	[INFO]	(connection.py:60)multi_run	[botpy] 最大并发连接数: 1, 启动会话数: 1
2024-12-07 19:56:21,331	[INFO]	(client.py:242)bot_connect	[botpy] 会话启动中...
2024-12-07 19:56:21,332	[INFO]	(gateway.py:115)ws_connect	[botpy] 启动中...
2024-12-07 19:56:21,445	[INFO]	(gateway.py:142)ws_identify	[botpy] 鉴权中...
2024-12-07 19:56:21,608	[INFO]	(gateway.py:85)on_message	[botpy] 机器人「小板凳智能助手-测试中」启动成功！
2024-12-07 19:56:21,609	[INFO]	(gateway.py:223)_send_heart	[botpy] 心跳维持启动...
2024-12-07 19:56:52,201	[INFO]	(client.py:162)_bot_login	[botpy] 登录机器人账号中...
2024-12-07 19:56:52,324	[INFO]	(robot.py:65)update_access_token	[botpy] access_token expires_in 2364
2024-12-07 19:56:52,823	[INFO]	(client.py:181)_bot_init	[botpy] 程序启动...
2024-12-07 19:56:52,825	[INFO]	(connection.py:60)multi_run	[botpy] 最大并发连接数: 1, 启动会话数: 1
2024-12-07 19:56:52,829	[INFO]	(client.py:242)bot_connect	[botpy] 会话启动中...
2024-12-07 19:56:52,830	[INFO]	(gateway.py:115)ws_connect	[botpy] 启动中...
2024-12-07 19:56:52,953	[INFO]	(gateway.py:142)ws_identify	[botpy] 鉴权中...
2024-12-07 19:56:53,073	[INFO]	(gateway.py:85)on_message	[botpy] 机器人「小板凳智能助手-测试中」启动成功！
2024-12-07 19:56:53,075	[INFO]	(gateway.py:223)_send_heart	[botpy] 心跳维持启动...
2024-12-07 19:57:17,670	[INFO]	(client.py:162)_bot_login	[botpy] 登录机器人账号中...
2024-12-07 19:57:17,799	[INFO]	(robot.py:65)update_access_token	[botpy] access_token expires_in 2338
2024-12-07 19:57:18,188	[INFO]	(client.py:181)_bot_init	[botpy] 程序启动...
2024-12-07 19:57:18,189	[INFO]	(connection.py:60)multi_run	[botpy] 最大并发连接数: 1, 启动会话数: 1
2024-12-07 19:57:18,189	[INFO]	(client.py:242)bot_connect	[botpy] 会话启动中...
2024-12-07 19:57:18,189	[INFO]	(gateway.py:115)ws_connect	[botpy] 启动中...
2024-12-07 19:57:18,287	[INFO]	(gateway.py:142)ws_identify	[botpy] 鉴权中...
2024-12-07 19:57:18,354	[INFO]	(gateway.py:85)on_message	[botpy] 机器人「小板凳智能助手-测试中」启动成功！
2024-12-07 19:57:18,355	[INFO]	(gateway.py:223)_send_heart	[botpy] 心跳维持启动...
2024-12-07 19:59:29,225	[INFO]	(client.py:162)_bot_login	[botpy] 登录机器人账号中...
2024-12-07 19:59:29,359	[INFO]	(robot.py:65)update_access_token	[botpy] access_token expires_in 2207
2024-12-07 19:59:29,849	[INFO]	(client.py:181)_bot_init	[botpy] 程序启动...
2024-12-07 19:59:29,850	[INFO]	(connection.py:60)multi_run	[botpy] 最大并发连接数: 1, 启动会话数: 1
2024-12-07 19:59:29,850	[INFO]	(client.py:242)bot_connect	[botpy] 会话启动中...
2024-12-07 19:59:29,850	[INFO]	(gateway.py:115)ws_connect	[botpy] 启动中...
2024-12-07 19:59:29,991	[INFO]	(gateway.py:142)ws_identify	[botpy] 鉴权中...
2024-12-07 19:59:30,062	[INFO]	(gateway.py:85)on_message	[botpy] 机器人「小板凳智能助手-测试中」启动成功！
2024-12-07 19:59:30,063	[INFO]	(gateway.py:223)_send_heart	[botpy] 心跳维持启动...
2024-12-07 20:01:08,241	[ERROR]	(http.py:76)_handle_response	[botpy] 接口请求异常，请求连接: https://api.sgroup.qq.com/v2/groups/7C54D45EDDE030719971497006C0CA03/messages, 错误代码: 400, 返回内容: {'message': '消息内容违规', 'code': 40034006, 'err_code': 40034006, 'trace_id': 'ad97786ad371427710c5bcde08f27185'}, trace_id:ad97786ad371427710c5bcde08f27185
2024-12-07 20:01:09,313	[ERROR]	(http.py:76)_handle_response	[botpy] 接口请求异常，请求连接: https://api.sgroup.qq.com/v2/groups/7C54D45EDDE030719971497006C0CA03/messages, 错误代码: 400, 返回内容: {'message': '消息内容违规', 'code': 40034006, 'err_code': 40034006, 'trace_id': '5b30d9b5fa469a2b2a87d95e5074806e'}, trace_id:5b30d9b5fa469a2b2a87d95e5074806e
2024-12-07 20:01:37,012	[ERROR]	(http.py:76)_handle_response	[botpy] 接口请求异常，请求连接: https://api.sgroup.qq.com/v2/groups/7C54D45EDDE030719971497006C0CA03/messages, 错误代码: 400, 返回内容: {'message': '消息内容违规', 'code': 40034006, 'err_code': 40034006, 'trace_id': '8afe9694569dd63f422073735655ba49'}, trace_id:8afe9694569dd63f422073735655ba49
2024-12-07 20:01:38,381	[ERROR]	(http.py:76)_handle_response	[botpy] 接口请求异常，请求连接: https://api.sgroup.qq.com/v2/groups/7C54D45EDDE030719971497006C0CA03/messages, 错误代码: 400, 返回内容: {'message': '消息内容违规', 'code': 40034006, 'err_code': 40034006, 'trace_id': '03de0d33bf3c2087b75d7289d25d8972'}, trace_id:03de0d33bf3c2087b75d7289d25d8972
2024-12-07 20:01:53,497	[ERROR]	(http.py:76)_handle_response	[botpy] 接口请求异常，请求连接: https://api.sgroup.qq.com/v2/groups/7C54D45EDDE030719971497006C0CA03/messages, 错误代码: 400, 返回内容: {'message': '消息内容违规', 'code': 40034006, 'err_code': 40034006, 'trace_id': '29bb9f75dd69e9b5da6d53e0dad6a3ec'}, trace_id:29bb9f75dd69e9b5da6d53e0dad6a3ec
2024-12-07 20:01:55,078	[ERROR]	(http.py:76)_handle_response	[botpy] 接口请求异常，请求连接: https://api.sgroup.qq.com/v2/groups/7C54D45EDDE030719971497006C0CA03/messages, 错误代码: 400, 返回内容: {'message': '消息被去重，请检查请求msgseq', 'code': 40054005, 'err_code': 40054005, 'trace_id': '4decee7d2f79e969075770a71c2922e9'}, trace_id:4decee7d2f79e969075770a71c2922e9
2024-12-07 20:03:57,711	[ERROR]	(http.py:76)_handle_response	[botpy] 接口请求异常，请求连接: https://api.sgroup.qq.com/v2/groups/7C54D45EDDE030719971497006C0CA03/messages, 错误代码: 400, 返回内容: {'message': '消息内容违规', 'code': 40034006, 'err_code': 40034006, 'trace_id': '73f0724687cec3fb66b4d3f7bba46e88'}, trace_id:73f0724687cec3fb66b4d3f7bba46e88
2024-12-07 20:03:59,607	[ERROR]	(http.py:76)_handle_response	[botpy] 接口请求异常，请求连接: https://api.sgroup.qq.com/v2/groups/7C54D45EDDE030719971497006C0CA03/messages, 错误代码: 400, 返回内容: {'message': '消息被去重，请检查请求msgseq', 'code': 40054005, 'err_code': 40054005, 'trace_id': '4bee2d2bdbcf2e5601c00ebb78a2f55b'}, trace_id:4bee2d2bdbcf2e5601c00ebb78a2f55b
2024-12-07 20:04:59,223	[INFO]	(client.py:162)_bot_login	[botpy] 登录机器人账号中...
2024-12-07 20:04:59,445	[INFO]	(robot.py:65)update_access_token	[botpy] access_token expires_in 1877
2024-12-07 20:04:59,953	[INFO]	(client.py:181)_bot_init	[botpy] 程序启动...
2024-12-07 20:04:59,953	[INFO]	(connection.py:60)multi_run	[botpy] 最大并发连接数: 1, 启动会话数: 1
2024-12-07 20:04:59,954	[INFO]	(client.py:242)bot_connect	[botpy] 会话启动中...
2024-12-07 20:04:59,954	[INFO]	(gateway.py:115)ws_connect	[botpy] 启动中...
2024-12-07 20:05:00,102	[INFO]	(gateway.py:142)ws_identify	[botpy] 鉴权中...
2024-12-07 20:05:00,189	[INFO]	(gateway.py:85)on_message	[botpy] 机器人「小板凳智能助手-测试中」启动成功！
2024-12-07 20:05:00,190	[INFO]	(gateway.py:223)_send_heart	[botpy] 心跳维持启动...
2024-12-07 20:06:00,222	[ERROR]	(http.py:76)_handle_response	[botpy] 接口请求异常，请求连接: https://api.sgroup.qq.com/v2/groups/7C54D45EDDE030719971497006C0CA03/messages, 错误代码: 400, 返回内容: {'message': '消息内容违规', 'code': 40034006, 'err_code': 40034006, 'trace_id': '5a68a67e2f5107d6c2e34b314999ef07'}, trace_id:5a68a67e2f5107d6c2e34b314999ef07
2024-12-07 20:06:01,445	[ERROR]	(http.py:76)_handle_response	[botpy] 接口请求异常，请求连接: https://api.sgroup.qq.com/v2/groups/7C54D45EDDE030719971497006C0CA03/messages, 错误代码: 400, 返回内容: {'message': '消息内容违规', 'code': 40034006, 'err_code': 40034006, 'trace_id': '3e2ed380a0f21ef816ac9e47c45b8380'}, trace_id:3e2ed380a0f21ef816ac9e47c45b8380
2024-12-07 20:06:07,468	[ERROR]	(http.py:76)_handle_response	[botpy] 接口请求异常，请求连接: https://api.sgroup.qq.com/v2/groups/7C54D45EDDE030719971497006C0CA03/messages, 错误代码: 400, 返回内容: {'message': '消息内容违规', 'code': 40034006, 'err_code': 40034006, 'trace_id': '04f644487474e865f6a0fdf926a47e43'}, trace_id:04f644487474e865f6a0fdf926a47e43
2024-12-07 20:06:08,526	[ERROR]	(http.py:76)_handle_response	[botpy] 接口请求异常，请求连接: https://api.sgroup.qq.com/v2/groups/7C54D45EDDE030719971497006C0CA03/messages, 错误代码: 400, 返回内容: {'message': '消息内容违规', 'code': 40034006, 'err_code': 40034006, 'trace_id': '75c92f18a5d76521e3726d68a1249ef5'}, trace_id:75c92f18a5d76521e3726d68a1249ef5
2024-12-07 20:06:22,123	[ERROR]	(http.py:76)_handle_response	[botpy] 接口请求异常，请求连接: https://api.sgroup.qq.com/v2/groups/7C54D45EDDE030719971497006C0CA03/messages, 错误代码: 400, 返回内容: {'message': '消息内容违规', 'code': 40034006, 'err_code': 40034006, 'trace_id': '241c9cbd1bde1f9b4f24d2fec96f9387'}, trace_id:241c9cbd1bde1f9b4f24d2fec96f9387
2024-12-07 20:06:23,361	[ERROR]	(http.py:76)_handle_response	[botpy] 接口请求异常，请求连接: https://api.sgroup.qq.com/v2/groups/7C54D45EDDE030719971497006C0CA03/messages, 错误代码: 400, 返回内容: {'message': '消息被去重，请检查请求msgseq', 'code': 40054005, 'err_code': 40054005, 'trace_id': '080f031aa6c0c079588b2e970ea53868'}, trace_id:080f031aa6c0c079588b2e970ea53868
2024-12-07 20:08:02,061	[ERROR]	(http.py:76)_handle_response	[botpy] 接口请求异常，请求连接: https://api.sgroup.qq.com/v2/groups/7C54D45EDDE030719971497006C0CA03/messages, 错误代码: 400, 返回内容: {'message': '消息内容违规', 'code': 40034006, 'err_code': 40034006, 'trace_id': '6b201e471e5227953938766d340b4b18'}, trace_id:6b201e471e5227953938766d340b4b18
2024-12-07 20:08:03,416	[ERROR]	(http.py:76)_handle_response	[botpy] 接口请求异常，请求连接: https://api.sgroup.qq.com/v2/groups/7C54D45EDDE030719971497006C0CA03/messages, 错误代码: 400, 返回内容: {'message': '消息被去重，请检查请求msgseq', 'code': 40054005, 'err_code': 40054005, 'trace_id': '922b5ee60e4c0a24b41b7283bef3f373'}, trace_id:922b5ee60e4c0a24b41b7283bef3f373
2024-12-07 20:15:27,373	[ERROR]	(http.py:76)_handle_response	[botpy] 接口请求异常，请求连接: https://api.sgroup.qq.com/v2/groups/7C54D45EDDE030719971497006C0CA03/messages, 错误代码: 400, 返回内容: {'message': '消息内容违规', 'code': 40034006, 'err_code': 40034006, 'trace_id': '4824a9ee2517f97db94a662ab7e54785'}, trace_id:4824a9ee2517f97db94a662ab7e54785
2024-12-07 20:15:28,351	[ERROR]	(http.py:76)_handle_response	[botpy] 接口请求异常，请求连接: https://api.sgroup.qq.com/v2/groups/7C54D45EDDE030719971497006C0CA03/messages, 错误代码: 400, 返回内容: {'message': '消息内容违规', 'code': 40034006, 'err_code': 40034006, 'trace_id': '1416f9afea0783569ea48f2911560331'}, trace_id:1416f9afea0783569ea48f2911560331
2024-12-07 20:15:41,649	[ERROR]	(http.py:76)_handle_response	[botpy] 接口请求异常，请求连接: https://api.sgroup.qq.com/v2/groups/7C54D45EDDE030719971497006C0CA03/messages, 错误代码: 400, 返回内容: {'message': '消息内容违规', 'code': 40034006, 'err_code': 40034006, 'trace_id': 'f4a87b540b2bf8cce49e197be9e99237'}, trace_id:f4a87b540b2bf8cce49e197be9e99237
2024-12-07 20:15:42,777	[ERROR]	(http.py:76)_handle_response	[botpy] 接口请求异常，请求连接: https://api.sgroup.qq.com/v2/groups/7C54D45EDDE030719971497006C0CA03/messages, 错误代码: 400, 返回内容: {'message': '消息被去重，请检查请求msgseq', 'code': 40054005, 'err_code': 40054005, 'trace_id': 'cefe77a9837fec8a7e7dc5928b14bbc2'}, trace_id:cefe77a9837fec8a7e7dc5928b14bbc2
2024-12-07 20:17:39,497	[WARNING]	(http.py:192)request	请求超时，请求连接: https://api.sgroup.qq.com/v2/groups/7C54D45EDDE030719971497006C0CA03/messages
2024-12-07 20:20:36,191	[ERROR]	(http.py:76)_handle_response	[botpy] 接口请求异常，请求连接: https://api.sgroup.qq.com/v2/groups/7C54D45EDDE030719971497006C0CA03/messages, 错误代码: 400, 返回内容: {'message': '消息内容违规', 'code': 40034006, 'err_code': 40034006, 'trace_id': '2e3b3b69aad049773de5a1d61717a7cb'}, trace_id:2e3b3b69aad049773de5a1d61717a7cb
2024-12-07 20:20:37,388	[ERROR]	(http.py:76)_handle_response	[botpy] 接口请求异常，请求连接: https://api.sgroup.qq.com/v2/groups/7C54D45EDDE030719971497006C0CA03/messages, 错误代码: 400, 返回内容: {'message': '消息被去重，请检查请求msgseq', 'code': 40054005, 'err_code': 40054005, 'trace_id': 'fa98a77ff08e641ac6e61f9a00c3d429'}, trace_id:fa98a77ff08e641ac6e61f9a00c3d429
2024-12-07 20:22:43,109	[ERROR]	(http.py:76)_handle_response	[botpy] 接口请求异常，请求连接: https://api.sgroup.qq.com/v2/groups/7C54D45EDDE030719971497006C0CA03/messages, 错误代码: 400, 返回内容: {'message': '消息内容违规', 'code': 40034006, 'err_code': 40034006, 'trace_id': '72ef7033ee604413851ec8de2a5cb8af'}, trace_id:72ef7033ee604413851ec8de2a5cb8af
2024-12-07 20:22:44,217	[ERROR]	(http.py:76)_handle_response	[botpy] 接口请求异常，请求连接: https://api.sgroup.qq.com/v2/groups/7C54D45EDDE030719971497006C0CA03/messages, 错误代码: 400, 返回内容: {'message': '消息内容违规', 'code': 40034006, 'err_code': 40034006, 'trace_id': '49336af371a3bdbad4c64e0cd516f45d'}, trace_id:49336af371a3bdbad4c64e0cd516f45d
2024-12-07 20:22:50,855	[ERROR]	(http.py:76)_handle_response	[botpy] 接口请求异常，请求连接: https://api.sgroup.qq.com/v2/groups/7C54D45EDDE030719971497006C0CA03/messages, 错误代码: 400, 返回内容: {'message': '消息内容违规', 'code': 40034006, 'err_code': 40034006, 'trace_id': '2346712b7ddfb39e17f6b9ebae62cf3f'}, trace_id:2346712b7ddfb39e17f6b9ebae62cf3f
2024-12-07 20:22:51,918	[ERROR]	(http.py:76)_handle_response	[botpy] 接口请求异常，请求连接: https://api.sgroup.qq.com/v2/groups/7C54D45EDDE030719971497006C0CA03/messages, 错误代码: 400, 返回内容: {'message': '消息内容违规', 'code': 40034006, 'err_code': 40034006, 'trace_id': '5c6c8aaad1fbfff80c85a6cf5316cefd'}, trace_id:5c6c8aaad1fbfff80c85a6cf5316cefd
2024-12-07 20:22:56,283	[ERROR]	(http.py:76)_handle_response	[botpy] 接口请求异常，请求连接: https://api.sgroup.qq.com/v2/groups/7C54D45EDDE030719971497006C0CA03/messages, 错误代码: 400, 返回内容: {'message': '消息内容违规', 'code': 40034006, 'err_code': 40034006, 'trace_id': 'e71e390833a0d879d36c9433d44cd515'}, trace_id:e71e390833a0d879d36c9433d44cd515
2024-12-07 20:25:07,987	[INFO]	(client.py:162)_bot_login	[botpy] 登录机器人账号中...
2024-12-07 20:25:08,188	[INFO]	(robot.py:65)update_access_token	[botpy] access_token expires_in 668
2024-12-07 20:25:08,629	[INFO]	(client.py:181)_bot_init	[botpy] 程序启动...
2024-12-07 20:25:08,629	[INFO]	(connection.py:60)multi_run	[botpy] 最大并发连接数: 1, 启动会话数: 1
2024-12-07 20:25:08,630	[INFO]	(client.py:242)bot_connect	[botpy] 会话启动中...
2024-12-07 20:25:08,631	[INFO]	(gateway.py:115)ws_connect	[botpy] 启动中...
2024-12-07 20:25:08,798	[INFO]	(gateway.py:142)ws_identify	[botpy] 鉴权中...
2024-12-07 20:25:08,882	[INFO]	(gateway.py:85)on_message	[botpy] 机器人「小板凳智能助手-测试中」启动成功！
2024-12-07 20:25:08,883	[INFO]	(gateway.py:223)_send_heart	[botpy] 心跳维持启动...
2024-12-07 20:25:46,996	[ERROR]	(http.py:76)_handle_response	[botpy] 接口请求异常，请求连接: https://api.sgroup.qq.com/v2/groups/7C54D45EDDE030719971497006C0CA03/messages, 错误代码: 400, 返回内容: {'message': '消息内容违规', 'code': 40034006, 'err_code': 40034006, 'trace_id': 'b94c4979b5514566ba947cc59aae4e7a'}, trace_id:b94c4979b5514566ba947cc59aae4e7a
2024-12-07 20:25:47,966	[ERROR]	(http.py:76)_handle_response	[botpy] 接口请求异常，请求连接: https://api.sgroup.qq.com/v2/groups/7C54D45EDDE030719971497006C0CA03/messages, 错误代码: 400, 返回内容: {'message': '消息内容违规', 'code': 40034006, 'err_code': 40034006, 'trace_id': '246111eaf380038af031684aa0ae8c4f'}, trace_id:246111eaf380038af031684aa0ae8c4f
2024-12-07 20:25:55,546	[ERROR]	(http.py:76)_handle_response	[botpy] 接口请求异常，请求连接: https://api.sgroup.qq.com/v2/groups/7C54D45EDDE030719971497006C0CA03/messages, 错误代码: 400, 返回内容: {'message': '消息内容违规', 'code': 40034006, 'err_code': 40034006, 'trace_id': 'c523e47ec1351f3d9faba892dbc4402d'}, trace_id:c523e47ec1351f3d9faba892dbc4402d
2024-12-07 20:25:56,600	[ERROR]	(http.py:76)_handle_response	[botpy] 接口请求异常，请求连接: https://api.sgroup.qq.com/v2/groups/7C54D45EDDE030719971497006C0CA03/messages, 错误代码: 400, 返回内容: {'message': '消息被去重，请检查请求msgseq', 'code': 40054005, 'err_code': 40054005, 'trace_id': 'fa96186014ec8f5ffea2ab5eddb06874'}, trace_id:fa96186014ec8f5ffea2ab5eddb06874
2024-12-07 20:26:42,902	[INFO]	(client.py:162)_bot_login	[botpy] 登录机器人账号中...
2024-12-07 20:26:43,041	[INFO]	(robot.py:65)update_access_token	[botpy] access_token expires_in 573
2024-12-07 20:26:43,441	[INFO]	(client.py:181)_bot_init	[botpy] 程序启动...
2024-12-07 20:26:43,441	[INFO]	(connection.py:60)multi_run	[botpy] 最大并发连接数: 1, 启动会话数: 1
2024-12-07 20:26:43,442	[INFO]	(client.py:242)bot_connect	[botpy] 会话启动中...
2024-12-07 20:26:43,443	[INFO]	(gateway.py:115)ws_connect	[botpy] 启动中...
2024-12-07 20:26:43,572	[INFO]	(gateway.py:142)ws_identify	[botpy] 鉴权中...
2024-12-07 20:26:43,641	[INFO]	(gateway.py:85)on_message	[botpy] 机器人「小板凳智能助手-测试中」启动成功！
2024-12-07 20:26:43,642	[INFO]	(gateway.py:223)_send_heart	[botpy] 心跳维持启动...
2024-12-07 20:28:03,573	[WARNING]	(http.py:192)request	请求超时，请求连接: https://api.sgroup.qq.com/v2/groups/7C54D45EDDE030719971497006C0CA03/messages
2024-12-07 20:28:03,989	[ERROR]	(http.py:76)_handle_response	[botpy] 接口请求异常，请求连接: https://api.sgroup.qq.com/v2/groups/7C54D45EDDE030719971497006C0CA03/messages, 错误代码: 400, 返回内容: {'message': '消息内容违规', 'code': 40034006, 'err_code': 40034006, 'trace_id': '3f072edf9a747ff23e85a589346c1c0d'}, trace_id:3f072edf9a747ff23e85a589346c1c0d
2024-12-07 20:28:05,121	[ERROR]	(http.py:76)_handle_response	[botpy] 接口请求异常，请求连接: https://api.sgroup.qq.com/v2/groups/7C54D45EDDE030719971497006C0CA03/messages, 错误代码: 400, 返回内容: {'message': '消息被去重，请检查请求msgseq', 'code': 40054005, 'err_code': 40054005, 'trace_id': '7e6c98e71fc23e9e552dc66c258d8f64'}, trace_id:7e6c98e71fc23e9e552dc66c258d8f64
2024-12-07 20:30:29,012	[INFO]	(client.py:162)_bot_login	[botpy] 登录机器人账号中...
2024-12-07 20:30:29,189	[INFO]	(robot.py:65)update_access_token	[botpy] access_token expires_in 347
2024-12-07 20:30:29,885	[INFO]	(client.py:181)_bot_init	[botpy] 程序启动...
2024-12-07 20:30:29,885	[INFO]	(connection.py:60)multi_run	[botpy] 最大并发连接数: 1, 启动会话数: 1
2024-12-07 20:30:29,886	[INFO]	(client.py:242)bot_connect	[botpy] 会话启动中...
2024-12-07 20:30:29,887	[INFO]	(gateway.py:115)ws_connect	[botpy] 启动中...
2024-12-07 20:30:30,055	[INFO]	(gateway.py:142)ws_identify	[botpy] 鉴权中...
2024-12-07 20:30:30,189	[INFO]	(gateway.py:85)on_message	[botpy] 机器人「小板凳智能助手-测试中」启动成功！
2024-12-07 20:30:30,190	[INFO]	(gateway.py:223)_send_heart	[botpy] 心跳维持启动...
2024-12-07 20:31:18,538	[WARNING]	(http.py:192)request	请求超时，请求连接: https://api.sgroup.qq.com/v2/groups/7C54D45EDDE030719971497006C0CA03/messages
2024-12-07 20:31:19,128	[ERROR]	(http.py:76)_handle_response	[botpy] 接口请求异常，请求连接: https://api.sgroup.qq.com/v2/groups/7C54D45EDDE030719971497006C0CA03/messages, 错误代码: 400, 返回内容: {'message': '消息内容违规', 'code': 40034006, 'err_code': 40034006, 'trace_id': '082b46caff00125b89e0fed3c52c8d15'}, trace_id:082b46caff00125b89e0fed3c52c8d15
2024-12-07 20:31:20,622	[ERROR]	(http.py:76)_handle_response	[botpy] 接口请求异常，请求连接: https://api.sgroup.qq.com/v2/groups/7C54D45EDDE030719971497006C0CA03/messages, 错误代码: 400, 返回内容: {'message': '消息被去重，请检查请求msgseq', 'code': 40054005, 'err_code': 40054005, 'trace_id': 'a2e513928813f4ba7eb18e2e6a224b7e'}, trace_id:a2e513928813f4ba7eb18e2e6a224b7e
2024-12-07 20:32:40,851	[INFO]	(client.py:162)_bot_login	[botpy] 登录机器人账号中...
2024-12-07 20:32:41,082	[INFO]	(robot.py:65)update_access_token	[botpy] access_token expires_in 215
2024-12-07 20:32:41,735	[INFO]	(client.py:181)_bot_init	[botpy] 程序启动...
2024-12-07 20:32:41,736	[INFO]	(connection.py:60)multi_run	[botpy] 最大并发连接数: 1, 启动会话数: 1
2024-12-07 20:32:41,737	[INFO]	(client.py:242)bot_connect	[botpy] 会话启动中...
2024-12-07 20:32:41,737	[INFO]	(gateway.py:115)ws_connect	[botpy] 启动中...
2024-12-07 20:32:42,027	[INFO]	(gateway.py:142)ws_identify	[botpy] 鉴权中...
2024-12-07 20:32:42,127	[INFO]	(gateway.py:85)on_message	[botpy] 机器人「小板凳智能助手-测试中」启动成功！
2024-12-07 20:32:42,127	[INFO]	(gateway.py:223)_send_heart	[botpy] 心跳维持启动...
2024-12-07 20:33:21,977	[ERROR]	(http.py:76)_handle_response	[botpy] 接口请求异常，请求连接: https://api.sgroup.qq.com/v2/groups/7C54D45EDDE030719971497006C0CA03/messages, 错误代码: 400, 返回内容: {'message': '消息内容违规', 'code': 40034006, 'err_code': 40034006, 'trace_id': 'e4771c78ea7c292316cc41e81afd4c1c'}, trace_id:e4771c78ea7c292316cc41e81afd4c1c
2024-12-07 20:33:23,034	[ERROR]	(http.py:76)_handle_response	[botpy] 接口请求异常，请求连接: https://api.sgroup.qq.com/v2/groups/7C54D45EDDE030719971497006C0CA03/messages, 错误代码: 400, 返回内容: {'message': '消息被去重，请检查请求msgseq', 'code': 40054005, 'err_code': 40054005, 'trace_id': 'e2c5229c69cb72d093426d29d98a04b6'}, trace_id:e2c5229c69cb72d093426d29d98a04b6
2024-12-07 20:36:15,449	[ERROR]	(http.py:76)_handle_response	[botpy] 接口请求异常，请求连接: https://api.sgroup.qq.com/v2/groups/7C54D45EDDE030719971497006C0CA03/messages, 错误代码: 400, 返回内容: {'message': '消息内容违规', 'code': 40034006, 'err_code': 40034006, 'trace_id': 'be408f43bc45eaa79b633e4d43d2f0fa'}, trace_id:be408f43bc45eaa79b633e4d43d2f0fa
2024-12-07 20:36:16,470	[INFO]	(robot.py:65)update_access_token	[botpy] access_token expires_in 7154
2024-12-07 20:36:17,014	[ERROR]	(http.py:76)_handle_response	[botpy] 接口请求异常，请求连接: https://api.sgroup.qq.com/v2/groups/7C54D45EDDE030719971497006C0CA03/messages, 错误代码: 400, 返回内容: {'message': '消息被去重，请检查请求msgseq', 'code': 40054005, 'err_code': 40054005, 'trace_id': 'dca9bfe8bfae784ff600b7994c0ca73a'}, trace_id:dca9bfe8bfae784ff600b7994c0ca73a
